PCAD Importer Log
Project : –¿«⁄≈Ã€-MM.LibPkg

Section : C:\Users\—Â„ÂÈ\Desktop\–¿«⁄≈Ã€-MM.LIA
    Section : PCB Library - –¿«⁄≈Ã€-MM.PcbLib
        Section : Load Messages
            Warning - 1 : Skipping Token GND On Line 5124
            Warning - 1 : Skipping Token KONT On Line 5138
            Warning - 1 : Skipping Token KONT-A On Line 5153
            Warning - 1 : Skipping Token KONT-B On Line 5167
            Warning - 1 : Skipping Token KONT-C On Line 5182
            Warning - 1 : Skipping Token PC104-40A On Line 5197
            Warning - 1 : Skipping Token PC104-40B On Line 5464
            Warning - 1 : Skipping Token PC104-64A On Line 5731
            Warning - 1 : Skipping Token PC104-64B On Line 6154
            Warning - 1 : Skipping Token PC31A On Line 6577
            Warning - 1 : Skipping Token PC31B On Line 6987
            Warning - 1 : Skipping Token PLD2 On Line 7397
            Warning - 1 : Skipping Token PLD2-1 On Line 7420
            Warning - 1 : Skipping Token PLD2-2 On Line 7451
            Warning - 1 : Skipping Token PLD3-2 On Line 7502
            Warning - 1 : Skipping Token PLD4-2 On Line 7573
            Warning - 1 : Skipping Token VCC On Line 7664
            Warning - 1 : Skipping Token VIP3 On Line 7678
            Warning - 1 : Skipping Token XX10 On Line 7746
            Warning - 1 : Skipping Token XX10-2 On Line 7863
            Warning - 1 : Skipping Token XX11 On Line 7998
            Warning - 1 : Skipping Token XX12 On Line 8126
            Warning - 1 : Skipping Token XX13 On Line 8265
            Warning - 1 : Skipping Token XX14 On Line 8415
            Warning - 1 : Skipping Token XX14-2 On Line 8576
            Warning - 1 : Skipping Token XX15 On Line 8749
            Warning - 1 : Skipping Token XX16 On Line 8921
            Warning - 1 : Skipping Token XX16-2 On Line 9104
            Warning - 1 : Skipping Token XX17 On Line 9301
            Warning - 1 : Skipping Token XX18 On Line 9495
            Warning - 1 : Skipping Token XX18-1 On Line 9700
            Warning - 1 : Skipping Token XX2 On Line 9903
            Warning - 1 : Skipping Token XX2-1 On Line 9932
            Warning - 1 : Skipping Token XX2-2 On Line 9956
            Warning - 1 : Skipping Token XX2-3 On Line 9981
            Warning - 1 : Skipping Token XX20 On Line 10008
            Warning - 1 : Skipping Token XX20-1 On Line 10235
            Warning - 1 : Skipping Token XX20-2 On Line 10460
            Warning - 1 : Skipping Token XX20-3 On Line 10705
            Warning - 1 : Skipping Token XX21 On Line 10950
            Warning - 1 : Skipping Token XX22 On Line 11188
            Warning - 1 : Skipping Token XX25 On Line 11437
            Warning - 1 : Skipping Token XX25C On Line 11719
            Warning - 1 : Skipping Token XX26 On Line 12001
            Warning - 1 : Skipping Token XX26-2 On Line 12294
            Warning - 1 : Skipping Token XX3 On Line 12611
            Warning - 1 : Skipping Token XX3-1 On Line 12651
            Warning - 1 : Skipping Token XX3-2 On Line 12684
            Warning - 1 : Skipping Token XX30 On Line 12723
            Warning - 1 : Skipping Token XX32 On Line 13060
            Warning - 1 : Skipping Token XX32-2 On Line 13419
            Warning - 1 : Skipping Token XX34 On Line 13808
            Warning - 1 : Skipping Token XX34-2 On Line 14189
            Warning - 1 : Skipping Token XX36 On Line 14602
            Warning - 1 : Skipping Token XX37 On Line 15005
            Warning - 1 : Skipping Token XX4 On Line 15419
            Warning - 1 : Skipping Token XX4-1 On Line 15470
            Warning - 1 : Skipping Token XX4-2 On Line 15516
            Warning - 1 : Skipping Token XX40 On Line 15565
            Warning - 1 : Skipping Token XX40-1 On Line 16012
            Warning - 1 : Skipping Token XX40-2 On Line 16259
            Warning - 1 : Skipping Token XX5 On Line 16506
            Warning - 1 : Skipping Token XX5-1 On Line 16568
            Warning - 1 : Skipping Token XX6 On Line 16626
            Warning - 1 : Skipping Token XX6-2 On Line 16699
            Warning - 1 : Skipping Token XX64-3 On Line 16776
            Warning - 1 : Skipping Token XX7 On Line 17559
            Warning - 1 : Skipping Token XX8 On Line 17643
            Warning - 1 : Skipping Token XX8-2 On Line 17738
            Warning - 1 : Skipping Token XX9 On Line 17826
            Warning - 1 : Skipping Token XX96-1 On Line 17932
            Warning - 1 : Skipping Token XX96-2 On Line 18323
            Warning - 1 : Skipping Token XX96-3 On Line 18714
            Warning - 1 : Skipping Token √–œÃ31 On Line 19105
            Warning - 1 : Skipping Token √–œÃ61-1 On Line 19375
            Warning - 1 : Skipping Token √–œÃ61-2 On Line 19645
            Warning - 1 : Skipping Token attachedSymbol On Line 19942
            Warning - 1 : Skipping Token attachedSymbol On Line 19943
            Warning - 1 : Skipping Token attachedSymbol On Line 19944
            Warning - 1 : Skipping Token attachedSymbol On Line 19945
            Warning - 1 : Skipping Token attachedSymbol On Line 19946
            Warning - 1 : Skipping Token attachedSymbol On Line 19947
            Warning - 1 : Skipping Token attachedSymbol On Line 19948
            Warning - 1 : Skipping Token attachedSymbol On Line 19949
            Warning - 1 : Skipping Token attachedSymbol On Line 19950
            Warning - 1 : Skipping Token attachedSymbol On Line 19951
            Warning - 1 : Skipping Token attachedSymbol On Line 19952
            Warning - 1 : Skipping Token attachedSymbol On Line 19953
            Warning - 1 : Skipping Token attachedSymbol On Line 19954
            Warning - 1 : Skipping Token attachedSymbol On Line 19955
            Warning - 1 : Skipping Token attachedSymbol On Line 19956
            Warning - 1 : Skipping Token attachedSymbol On Line 19957
            Warning - 1 : Skipping Token attachedSymbol On Line 19958
            Warning - 1 : Skipping Token attachedSymbol On Line 19959
            Warning - 1 : Skipping Token attachedSymbol On Line 19960
            Warning - 1 : Skipping Token attachedSymbol On Line 19961
            Warning - 1 : Skipping Token attachedSymbol On Line 19962
            Warning - 1 : Skipping Token attachedSymbol On Line 19963
            Warning - 1 : Skipping Token attachedSymbol On Line 19964
            Warning - 1 : Skipping Token attachedSymbol On Line 19965
            Warning - 1 : Skipping Token attachedSymbol On Line 19966
            Warning - 1 : Skipping Token attachedSymbol On Line 19967
            Warning - 1 : Skipping Token attachedSymbol On Line 19968
            Warning - 1 : Skipping Token attachedSymbol On Line 19969
            Warning - 1 : Skipping Token attachedSymbol On Line 20016
            Warning - 1 : Skipping Token attachedSymbol On Line 20045
            Warning - 1 : Skipping Token attachedSymbol On Line 20082
            Warning - 1 : Skipping Token attachedSymbol On Line 20119
            Warning - 1 : Skipping Token attachedSymbol On Line 20160
            Warning - 1 : Skipping Token attachedSymbol On Line 20207
            Warning - 1 : Skipping Token attachedSymbol On Line 20256
            Warning - 1 : Skipping Token attachedSymbol On Line 20309
            Warning - 1 : Skipping Token attachedSymbol On Line 20372
            Warning - 1 : Skipping Token attachedSymbol On Line 20441
            Warning - 1 : Skipping Token attachedSymbol On Line 20510
            Warning - 1 : Skipping Token attachedSymbol On Line 20587
            Warning - 1 : Skipping Token attachedSymbol On Line 20672
            Warning - 1 : Skipping Token attachedSymbol On Line 20757
            Warning - 1 : Skipping Token attachedSymbol On Line 20842
            Warning - 1 : Skipping Token attachedSymbol On Line 20933
            Warning - 1 : Skipping Token attachedSymbol On Line 21030
            Warning - 1 : Skipping Token attachedSymbol On Line 21127
            Warning - 1 : Skipping Token attachedSymbol On Line 21201
            Warning - 1 : Skipping Token attachedSymbol On Line 21250
            Warning - 1 : Skipping Token attachedSymbol On Line 21251
            Warning - 1 : Skipping Token attachedSymbol On Line 21252
            Warning - 1 : Skipping Token attachedSymbol On Line 21253
            Warning - 1 : Skipping Token attachedSymbol On Line 21254
            Warning - 1 : Skipping Token attachedSymbol On Line 21255
            Warning - 1 : Skipping Token attachedSymbol On Line 21256
            Warning - 1 : Skipping Token attachedSymbol On Line 21257
            Warning - 1 : Skipping Token attachedSymbol On Line 21258
            Warning - 1 : Skipping Token attachedSymbol On Line 21259
            Warning - 1 : Skipping Token attachedSymbol On Line 21260
            Warning - 1 : Skipping Token attachedSymbol On Line 21261
            Warning - 1 : Skipping Token attachedSymbol On Line 21262
            Warning - 1 : Skipping Token attachedSymbol On Line 21263
            Warning - 1 : Skipping Token attachedSymbol On Line 21264
            Warning - 1 : Skipping Token attachedSymbol On Line 21313
            Warning - 1 : Skipping Token attachedSymbol On Line 21362
            Warning - 1 : Skipping Token attachedSymbol On Line 21363
            Warning - 1 : Skipping Token attachedSymbol On Line 21364
            Warning - 1 : Skipping Token attachedSymbol On Line 21365
            Warning - 1 : Skipping Token attachedSymbol On Line 21366
            Warning - 1 : Skipping Token attachedSymbol On Line 21367
            Warning - 1 : Skipping Token attachedSymbol On Line 21368
            Warning - 1 : Skipping Token attachedSymbol On Line 21369
            Warning - 1 : Skipping Token attachedSymbol On Line 21370
            Warning - 1 : Skipping Token attachedSymbol On Line 21371
            Warning - 1 : Skipping Token attachedSymbol On Line 21372
            Warning - 1 : Skipping Token attachedSymbol On Line 21373
            Warning - 1 : Skipping Token attachedSymbol On Line 21374
            Warning - 1 : Skipping Token attachedSymbol On Line 21375
            Warning - 1 : Skipping Token attachedSymbol On Line 21376
            Warning - 1 : Skipping Token attachedSymbol On Line 21435
            Warning - 1 : Skipping Token attachedSymbol On Line 21504
            Warning - 1 : Skipping Token attachedSymbol On Line 21505
            Warning - 1 : Skipping Token attachedSymbol On Line 21506
            Warning - 1 : Skipping Token attachedSymbol On Line 21507
            Warning - 1 : Skipping Token attachedSymbol On Line 21508
            Warning - 1 : Skipping Token attachedSymbol On Line 21509
            Warning - 1 : Skipping Token attachedSymbol On Line 21510
            Warning - 1 : Skipping Token attachedSymbol On Line 21511
            Warning - 1 : Skipping Token attachedSymbol On Line 21512
            Warning - 1 : Skipping Token attachedSymbol On Line 21513
            Warning - 1 : Skipping Token attachedSymbol On Line 21514
            Warning - 1 : Skipping Token attachedSymbol On Line 21515
            Warning - 1 : Skipping Token attachedSymbol On Line 21516
            Warning - 1 : Skipping Token attachedSymbol On Line 21517
            Warning - 1 : Skipping Token attachedSymbol On Line 21518
            Warning - 1 : Skipping Token attachedSymbol On Line 21519
            Warning - 1 : Skipping Token attachedSymbol On Line 21520
            Warning - 1 : Skipping Token attachedSymbol On Line 21521
            Warning - 1 : Skipping Token attachedSymbol On Line 21522
            Warning - 1 : Skipping Token attachedSymbol On Line 21523
            Warning - 1 : Skipping Token attachedSymbol On Line 21524
            Warning - 1 : Skipping Token attachedSymbol On Line 21525
            Warning - 1 : Skipping Token attachedSymbol On Line 21526
            Warning - 1 : Skipping Token attachedSymbol On Line 21527
            Warning - 1 : Skipping Token attachedSymbol On Line 21528
            Warning - 1 : Skipping Token attachedSymbol On Line 21597
            Warning - 1 : Skipping Token attachedSymbol On Line 21666
            Warning - 1 : Skipping Token attachedSymbol On Line 21667
            Warning - 1 : Skipping Token attachedSymbol On Line 21668
            Warning - 1 : Skipping Token attachedSymbol On Line 21669
            Warning - 1 : Skipping Token attachedSymbol On Line 21670
            Warning - 1 : Skipping Token attachedSymbol On Line 21671
            Warning - 1 : Skipping Token attachedSymbol On Line 21672
            Warning - 1 : Skipping Token attachedSymbol On Line 21673
            Warning - 1 : Skipping Token attachedSymbol On Line 21674
            Warning - 1 : Skipping Token attachedSymbol On Line 21675
            Warning - 1 : Skipping Token attachedSymbol On Line 21676
            Warning - 1 : Skipping Token attachedSymbol On Line 21677
            Warning - 1 : Skipping Token attachedSymbol On Line 21678
            Warning - 1 : Skipping Token attachedSymbol On Line 21679
            Warning - 1 : Skipping Token attachedSymbol On Line 21680
            Warning - 1 : Skipping Token attachedSymbol On Line 21681
            Warning - 1 : Skipping Token attachedSymbol On Line 21682
            Warning - 1 : Skipping Token attachedSymbol On Line 21683
            Warning - 1 : Skipping Token attachedSymbol On Line 21684
            Warning - 1 : Skipping Token attachedSymbol On Line 21685
            Warning - 1 : Skipping Token attachedSymbol On Line 21686
            Warning - 1 : Skipping Token attachedSymbol On Line 21687
            Warning - 1 : Skipping Token attachedSymbol On Line 21688
            Warning - 1 : Skipping Token attachedSymbol On Line 21689
            Warning - 1 : Skipping Token attachedSymbol On Line 21690
            Warning - 1 : Skipping Token attachedSymbol On Line 21771
            Warning - 1 : Skipping Token attachedSymbol On Line 21864
            Warning - 1 : Skipping Token attachedSymbol On Line 21865
            Warning - 1 : Skipping Token attachedSymbol On Line 21866
            Warning - 1 : Skipping Token attachedSymbol On Line 21867
            Warning - 1 : Skipping Token attachedSymbol On Line 21868
            Warning - 1 : Skipping Token attachedSymbol On Line 21869
            Warning - 1 : Skipping Token attachedSymbol On Line 21870
            Warning - 1 : Skipping Token attachedSymbol On Line 21871
            Warning - 1 : Skipping Token attachedSymbol On Line 21872
            Warning - 1 : Skipping Token attachedSymbol On Line 21873
            Warning - 1 : Skipping Token attachedSymbol On Line 21874
            Warning - 1 : Skipping Token attachedSymbol On Line 21875
            Warning - 1 : Skipping Token attachedSymbol On Line 21876
            Warning - 1 : Skipping Token attachedSymbol On Line 21877
            Warning - 1 : Skipping Token attachedSymbol On Line 21878
            Warning - 1 : Skipping Token attachedSymbol On Line 21879
            Warning - 1 : Skipping Token attachedSymbol On Line 21880
            Warning - 1 : Skipping Token attachedSymbol On Line 21881
            Warning - 1 : Skipping Token attachedSymbol On Line 21882
            Warning - 1 : Skipping Token attachedSymbol On Line 21883
            Warning - 1 : Skipping Token attachedSymbol On Line 21884
            Warning - 1 : Skipping Token attachedSymbol On Line 21885
            Warning - 1 : Skipping Token attachedSymbol On Line 21886
            Warning - 1 : Skipping Token attachedSymbol On Line 21887
            Warning - 1 : Skipping Token attachedSymbol On Line 21888
            Warning - 1 : Skipping Token attachedSymbol On Line 21889
            Warning - 1 : Skipping Token attachedSymbol On Line 21890
            Warning - 1 : Skipping Token attachedSymbol On Line 21891
            Warning - 1 : Skipping Token attachedSymbol On Line 21892
            Warning - 1 : Skipping Token attachedSymbol On Line 21893
            Warning - 1 : Skipping Token attachedSymbol On Line 21894
            Warning - 1 : Skipping Token attachedSymbol On Line 21895
            Warning - 1 : Skipping Token attachedSymbol On Line 21896
            Warning - 1 : Skipping Token attachedSymbol On Line 21897
            Warning - 1 : Skipping Token attachedSymbol On Line 21898
            Warning - 1 : Skipping Token attachedSymbol On Line 21899
            Warning - 1 : Skipping Token attachedSymbol On Line 21900
            Warning - 1 : Skipping Token attachedSymbol On Line 21993
            Warning - 1 : Skipping Token attachedSymbol On Line 22086
            Warning - 1 : Skipping Token attachedSymbol On Line 22087
            Warning - 1 : Skipping Token attachedSymbol On Line 22088
            Warning - 1 : Skipping Token attachedSymbol On Line 22089
            Warning - 1 : Skipping Token attachedSymbol On Line 22090
            Warning - 1 : Skipping Token attachedSymbol On Line 22091
            Warning - 1 : Skipping Token attachedSymbol On Line 22092
            Warning - 1 : Skipping Token attachedSymbol On Line 22093
            Warning - 1 : Skipping Token attachedSymbol On Line 22094
            Warning - 1 : Skipping Token attachedSymbol On Line 22095
            Warning - 1 : Skipping Token attachedSymbol On Line 22096
            Warning - 1 : Skipping Token attachedSymbol On Line 22097
            Warning - 1 : Skipping Token attachedSymbol On Line 22098
            Warning - 1 : Skipping Token attachedSymbol On Line 22099
            Warning - 1 : Skipping Token attachedSymbol On Line 22100
            Warning - 1 : Skipping Token attachedSymbol On Line 22101
            Warning - 1 : Skipping Token attachedSymbol On Line 22102
            Warning - 1 : Skipping Token attachedSymbol On Line 22103
            Warning - 1 : Skipping Token attachedSymbol On Line 22104
            Warning - 1 : Skipping Token attachedSymbol On Line 22105
            Warning - 1 : Skipping Token attachedSymbol On Line 22106
            Warning - 1 : Skipping Token attachedSymbol On Line 22107
            Warning - 1 : Skipping Token attachedSymbol On Line 22108
            Warning - 1 : Skipping Token attachedSymbol On Line 22109
            Warning - 1 : Skipping Token attachedSymbol On Line 22110
            Warning - 1 : Skipping Token attachedSymbol On Line 22111
            Warning - 1 : Skipping Token attachedSymbol On Line 22112
            Warning - 1 : Skipping Token attachedSymbol On Line 22113
            Warning - 1 : Skipping Token attachedSymbol On Line 22114
            Warning - 1 : Skipping Token attachedSymbol On Line 22115
            Warning - 1 : Skipping Token attachedSymbol On Line 22116
            Warning - 1 : Skipping Token attachedSymbol On Line 22117
            Warning - 1 : Skipping Token attachedSymbol On Line 22118
            Warning - 1 : Skipping Token attachedSymbol On Line 22119
            Warning - 1 : Skipping Token attachedSymbol On Line 22120
            Warning - 1 : Skipping Token attachedSymbol On Line 22121
            Warning - 1 : Skipping Token attachedSymbol On Line 22122
            Warning - 1 : Skipping Token attachedSymbol On Line 22187
            Warning - 1 : Skipping Token attachedSymbol On Line 22224
            Warning - 1 : Skipping Token attachedSymbol On Line 22225
            Warning - 1 : Skipping Token attachedSymbol On Line 22226
            Warning - 1 : Skipping Token attachedSymbol On Line 22227
            Warning - 1 : Skipping Token attachedSymbol On Line 22228
            Warning - 1 : Skipping Token attachedSymbol On Line 22229
            Warning - 1 : Skipping Token attachedSymbol On Line 22230
            Warning - 1 : Skipping Token attachedSymbol On Line 22231
            Warning - 1 : Skipping Token attachedSymbol On Line 22232
            Warning - 1 : Skipping Token attachedSymbol On Line 22269
            Warning - 1 : Skipping Token attachedSymbol On Line 22306
            Warning - 1 : Skipping Token attachedSymbol On Line 22307
            Warning - 1 : Skipping Token attachedSymbol On Line 22308
            Warning - 1 : Skipping Token attachedSymbol On Line 22309
            Warning - 1 : Skipping Token attachedSymbol On Line 22310
            Warning - 1 : Skipping Token attachedSymbol On Line 22311
            Warning - 1 : Skipping Token attachedSymbol On Line 22312
            Warning - 1 : Skipping Token attachedSymbol On Line 22313
            Warning - 1 : Skipping Token attachedSymbol On Line 22314
            Warning - 1 : Skipping Token attachedSymbol On Line 22372
            Warning - 1 : Skipping Token attachedSymbol On Line 22373
            Warning - 1 : Skipping Token attachedSymbol On Line 22374
            Warning - 1 : Skipping Token attachedSymbol On Line 22375
            Warning - 1 : Skipping Token attachedSymbol On Line 22376
            Warning - 1 : Skipping Token attachedSymbol On Line 22377
            Warning - 1 : Skipping Token attachedSymbol On Line 22378
            Warning - 1 : Skipping Token attachedSymbol On Line 22379
            Warning - 1 : Skipping Token attachedSymbol On Line 22380
            Warning - 1 : Skipping Token attachedSymbol On Line 22381
            Warning - 1 : Skipping Token attachedSymbol On Line 22382
            Warning - 1 : Skipping Token attachedSymbol On Line 22383
            Warning - 1 : Skipping Token attachedSymbol On Line 22384
            Warning - 1 : Skipping Token attachedSymbol On Line 22385
            Warning - 1 : Skipping Token attachedSymbol On Line 22386
            Warning - 1 : Skipping Token attachedSymbol On Line 22387
            Warning - 1 : Skipping Token attachedSymbol On Line 22388
            Warning - 1 : Skipping Token attachedSymbol On Line 22389
            Warning - 1 : Skipping Token attachedSymbol On Line 22390
            Warning - 1 : Skipping Token attachedSymbol On Line 22391
            Warning - 1 : Skipping Token attachedSymbol On Line 22392
            Warning - 1 : Skipping Token attachedSymbol On Line 22393
            Warning - 1 : Skipping Token attachedSymbol On Line 22394
            Warning - 1 : Skipping Token attachedSymbol On Line 22395
            Warning - 1 : Skipping Token attachedSymbol On Line 22396
            Warning - 1 : Skipping Token attachedSymbol On Line 22397
            Warning - 1 : Skipping Token attachedSymbol On Line 22398
            Warning - 1 : Skipping Token attachedSymbol On Line 22399
            Warning - 1 : Skipping Token attachedSymbol On Line 22400
            Warning - 1 : Skipping Token attachedSymbol On Line 22401
            Warning - 1 : Skipping Token attachedSymbol On Line 22402
            Warning - 1 : Skipping Token attachedSymbol On Line 22403
            Warning - 1 : Skipping Token attachedSymbol On Line 22519
            Warning - 1 : Skipping Token attachedSymbol On Line 22520
            Warning - 1 : Skipping Token attachedSymbol On Line 22702
            Warning - 1 : Skipping Token attachedSymbol On Line 22703
            Warning - 1 : Skipping Token attachedSymbol On Line 22704
            Warning - 1 : Skipping Token attachedSymbol On Line 22884
            Warning - 1 : Skipping Token attachedSymbol On Line 22885
            Warning - 1 : Skipping Token attachedSymbol On Line 22998
            Warning - 1 : Skipping Token attachedSymbol On Line 22999
            Warning - 1 : Skipping Token attachedSymbol On Line 23000
            Warning - 1 : Skipping Token attachedSymbol On Line 23001
            Warning - 1 : Skipping Token attachedSymbol On Line 23002
            Warning - 1 : Skipping Token attachedSymbol On Line 23003
            Warning - 1 : Skipping Token attachedSymbol On Line 23004
            Warning - 1 : Skipping Token attachedSymbol On Line 23005
            Warning - 1 : Skipping Token attachedSymbol On Line 23006
            Warning - 1 : Skipping Token attachedSymbol On Line 23007
            Warning - 1 : Skipping Token attachedSymbol On Line 23008
            Warning - 1 : Skipping Token attachedSymbol On Line 23009
            Warning - 1 : Skipping Token attachedSymbol On Line 23010
            Warning - 1 : Skipping Token attachedSymbol On Line 23011
            Warning - 1 : Skipping Token attachedSymbol On Line 23012
            Warning - 1 : Skipping Token attachedSymbol On Line 23013
            Warning - 1 : Skipping Token attachedSymbol On Line 23014
            Warning - 1 : Skipping Token attachedSymbol On Line 23015
            Warning - 1 : Skipping Token attachedSymbol On Line 23016
            Warning - 1 : Skipping Token attachedSymbol On Line 23017
            Warning - 1 : Skipping Token attachedSymbol On Line 23018
            Warning - 1 : Skipping Token attachedSymbol On Line 23019
            Warning - 1 : Skipping Token attachedSymbol On Line 23020
            Warning - 1 : Skipping Token attachedSymbol On Line 23021
            Warning - 1 : Skipping Token attachedSymbol On Line 23022
            Warning - 1 : Skipping Token attachedSymbol On Line 23023
            Warning - 1 : Skipping Token attachedSymbol On Line 23024
            Warning - 1 : Skipping Token attachedSymbol On Line 23025
            Warning - 1 : Skipping Token attachedSymbol On Line 23026
            Warning - 1 : Skipping Token attachedSymbol On Line 23027
            Warning - 1 : Skipping Token attachedSymbol On Line 23028
            Warning - 1 : Skipping Token attachedSymbol On Line 23029
            Warning - 1 : Skipping Token attachedSymbol On Line 23142
            Warning - 1 : Skipping Token attachedSymbol On Line 23143
            Warning - 1 : Skipping Token attachedSymbol On Line 23144
            Warning - 1 : Skipping Token attachedSymbol On Line 23145
            Warning - 1 : Skipping Token attachedSymbol On Line 23146
            Warning - 1 : Skipping Token attachedSymbol On Line 23147
            Warning - 1 : Skipping Token attachedSymbol On Line 23148
            Warning - 1 : Skipping Token attachedSymbol On Line 23149
            Warning - 1 : Skipping Token attachedSymbol On Line 23150
            Warning - 1 : Skipping Token attachedSymbol On Line 23151
            Warning - 1 : Skipping Token attachedSymbol On Line 23152
            Warning - 1 : Skipping Token attachedSymbol On Line 23153
            Warning - 1 : Skipping Token attachedSymbol On Line 23154
            Warning - 1 : Skipping Token attachedSymbol On Line 23155
            Warning - 1 : Skipping Token attachedSymbol On Line 23156
            Warning - 1 : Skipping Token attachedSymbol On Line 23157
            Warning - 1 : Skipping Token attachedSymbol On Line 23158
            Warning - 1 : Skipping Token attachedSymbol On Line 23159
            Warning - 1 : Skipping Token attachedSymbol On Line 23160
            Warning - 1 : Skipping Token attachedSymbol On Line 23161
            Warning - 1 : Skipping Token attachedSymbol On Line 23162
            Warning - 1 : Skipping Token attachedSymbol On Line 23163
            Warning - 1 : Skipping Token attachedSymbol On Line 23164
            Warning - 1 : Skipping Token attachedSymbol On Line 23165
            Warning - 1 : Skipping Token attachedSymbol On Line 23166
            Warning - 1 : Skipping Token attachedSymbol On Line 23167
            Warning - 1 : Skipping Token attachedSymbol On Line 23168
            Warning - 1 : Skipping Token attachedSymbol On Line 23169
            Warning - 1 : Skipping Token attachedSymbol On Line 23170
            Warning - 1 : Skipping Token attachedSymbol On Line 23171
            Warning - 1 : Skipping Token attachedSymbol On Line 23172
            Warning - 1 : Skipping Token attachedSymbol On Line 23173
            Warning - 1 : Skipping Token attachedSymbol On Line 23174
            Warning - 1 : Skipping Token attachedSymbol On Line 23175
            Warning - 1 : Skipping Token attachedSymbol On Line 23176
            Warning - 1 : Skipping Token attachedSymbol On Line 23177
            Warning - 1 : Skipping Token attachedSymbol On Line 23178
            Warning - 1 : Skipping Token attachedSymbol On Line 23179
            Warning - 1 : Skipping Token attachedSymbol On Line 23180
            Warning - 1 : Skipping Token attachedSymbol On Line 23181
            Warning - 1 : Skipping Token attachedSymbol On Line 23182
            Warning - 1 : Skipping Token attachedSymbol On Line 23183
            Warning - 1 : Skipping Token attachedSymbol On Line 23184
            Warning - 1 : Skipping Token attachedSymbol On Line 23185
            Warning - 1 : Skipping Token attachedSymbol On Line 23186
            Warning - 1 : Skipping Token attachedSymbol On Line 23187
            Warning - 1 : Skipping Token attachedSymbol On Line 23188
            Warning - 1 : Skipping Token attachedSymbol On Line 23189
            Warning - 1 : Skipping Token attachedSymbol On Line 23190
            Warning - 1 : Skipping Token attachedSymbol On Line 23191
            Warning - 1 : Skipping Token attachedSymbol On Line 23192
            Warning - 1 : Skipping Token attachedSymbol On Line 23193
            Warning - 1 : Skipping Token attachedSymbol On Line 23194
            Warning - 1 : Skipping Token attachedSymbol On Line 23195
            Warning - 1 : Skipping Token attachedSymbol On Line 23196
            Warning - 1 : Skipping Token attachedSymbol On Line 23197
            Warning - 1 : Skipping Token attachedSymbol On Line 23198
            Warning - 1 : Skipping Token attachedSymbol On Line 23199
            Warning - 1 : Skipping Token attachedSymbol On Line 23200
            Warning - 1 : Skipping Token attachedSymbol On Line 23201
            Warning - 1 : Skipping Token attachedSymbol On Line 23202
            Warning - 1 : Skipping Token attachedSymbol On Line 23203
            Warning - 1 : Skipping Token attachedSymbol On Line 23204
            Warning - 1 : Skipping Token attachedSymbol On Line 23205
            Warning - 1 : Skipping Token attachedSymbol On Line 23292
            Warning - 1 : Skipping Token attachedSymbol On Line 23293
            Warning - 1 : Skipping Token attachedSymbol On Line 23294
            Warning - 1 : Skipping Token attachedSymbol On Line 23295
            Warning - 1 : Skipping Token attachedSymbol On Line 23296
            Warning - 1 : Skipping Token attachedSymbol On Line 23297
            Warning - 1 : Skipping Token attachedSymbol On Line 23328
            Warning - 1 : Skipping Token attachedSymbol On Line 23329
            Warning - 1 : Skipping Token attachedSymbol On Line 23330
            Warning - 1 : Skipping Token attachedSymbol On Line 23331
            Warning - 1 : Skipping Token attachedSymbol On Line 23332
            Warning - 1 : Skipping Token attachedSymbol On Line 23333
            Warning - 1 : Skipping Token attachedSymbol On Line 23334
            Warning - 1 : Skipping Token attachedSymbol On Line 23335
            Warning - 1 : Skipping Token attachedSymbol On Line 23361
            Warning - 1 : Skipping Token attachedSymbol On Line 23404
            Warning - 1 : Skipping Token attachedSymbol On Line 23514
            Warning - 1 : Skipping Token attachedSymbol On Line 23515
            Warning - 1 : Skipping Token attachedSymbol On Line 23611
            Warning - 1 : Skipping Token attachedSymbol On Line 23648
            Warning - 1 : Skipping Token attachedSymbol On Line 23671
            Warning - 1 : Skipping Token attachedSymbol On Line 23693
            Warning - 1 : Skipping Token attachedSymbol On Line 23712
            Warning - 1 : Skipping Token attachedSymbol On Line 23731
            Warning - 1 : Skipping Token attachedSymbol On Line 23750
            Warning - 1 : Skipping Token attachedSymbol On Line 23769
            Warning - 1 : Skipping Token attachedSymbol On Line 23807
            Warning - 1 : Skipping Token attachedSymbol On Line 23864
            Warning - 1 : Skipping Token attachedSymbol On Line 23905
            Warning - 1 : Skipping Token attachedSymbol On Line 23906
            Warning - 1 : Skipping Token attachedSymbol On Line 23907
            Warning - 1 : Skipping Token attachedSymbol On Line 23908
            Warning - 1 : Skipping Token attachedSymbol On Line 23970
            Warning - 1 : Skipping Token attachedSymbol On Line 23971
            Warning - 1 : Skipping Token attachedSymbol On Line 24093
            Warning - 1 : Skipping Token attachedSymbol On Line 24094
            Warning - 1 : Skipping Token attachedSymbol On Line 24179
            Warning - 1 : Skipping Token attachedSymbol On Line 24180
            Warning - 1 : Skipping Token attachedSymbol On Line 24181
            Warning - 1 : Skipping Token attachedSymbol On Line 24182
            Warning - 1 : Skipping Token attachedSymbol On Line 24209
            Warning - 1 : Skipping Token attachedSymbol On Line 24210
            Warning - 1 : Skipping Token attachedSymbol On Line 24211
            Warning - 1 : Skipping Token attachedSymbol On Line 24212
            Warning - 1 : Skipping Token attachedSymbol On Line 24213
            Warning - 1 : Skipping Token attachedSymbol On Line 24214
            Warning - 1 : Skipping Token attachedSymbol On Line 24257
            Warning - 1 : Skipping Token attachedSymbol On Line 24314
            Warning - 1 : Skipping Token attachedSymbol On Line 24355
            Warning - 1 : Skipping Token attachedSymbol On Line 24378
            Warning - 1 : Skipping Token attachedSymbol On Line 24401
            Warning - 1 : Skipping Token attachedSymbol On Line 24428
            Warning - 1 : Skipping Token attachedSymbol On Line 24459
            Warning - 1 : Skipping Token attachedSymbol On Line 24460
            Warning - 1 : Skipping Token attachedSymbol On Line 24461
            Warning - 1 : Skipping Token attachedSymbol On Line 24462
            Warning - 1 : Skipping Token attachedSymbol On Line 24495
            Warning - 1 : Skipping Token attachedSymbol On Line 24496
            Warning - 1 : Skipping Token attachedSymbol On Line 24497
            Warning - 1 : Skipping Token attachedSymbol On Line 24498
            Warning - 1 : Skipping Token attachedSymbol On Line 24499
            Warning - 1 : Skipping Token attachedSymbol On Line 24500
            Warning - 1 : Skipping Token attachedSymbol On Line 24501
            Warning - 1 : Skipping Token attachedSymbol On Line 24502
            Warning - 1 : Skipping Token attachedSymbol On Line 24591
            Warning - 1 : Skipping Token attachedSymbol On Line 24688
            Warning - 1 : Skipping Token attachedSymbol On Line 24689
            Warning - 1 : Skipping Token attachedSymbol On Line 24690
            Warning - 1 : Skipping Token attachedSymbol On Line 24691
            Warning - 1 : Skipping Token attachedSymbol On Line 24692
            Warning - 1 : Skipping Token attachedSymbol On Line 24693
            Warning - 1 : Skipping Token attachedSymbol On Line 24694
            Warning - 1 : Skipping Token attachedSymbol On Line 24695
            Warning - 1 : Skipping Token attachedSymbol On Line 24734
            Warning - 1 : Skipping Token attachedSymbol On Line 24735
            Warning - 1 : Skipping Token attachedSymbol On Line 24736
            Warning - 1 : Skipping Token attachedSymbol On Line 24737
            Warning - 1 : Skipping Token attachedSymbol On Line 24738
            Warning - 1 : Skipping Token attachedSymbol On Line 24739
            Warning - 1 : Skipping Token attachedSymbol On Line 24765
            Warning - 1 : Skipping Token attachedSymbol On Line 24787
            Warning - 1 : Skipping Token attachedSymbol On Line 24814
            Warning - 1 : Skipping Token attachedSymbol On Line 24847
            Warning - 1 : Skipping Token attachedSymbol On Line 24880
            Warning - 1 : Skipping Token attachedSymbol On Line 24906
            Warning - 1 : Skipping Token attachedSymbol On Line 24920
            Warning - 1 : Skipping Token attachedSymbol On Line 24942
            Warning - 1 : Skipping Token attachedSymbol On Line 24966
            Warning - 1 : Skipping Token attachedSymbol On Line 24993
            Warning - 1 : Skipping Token attachedSymbol On Line 24994
            Warning - 1 : Skipping Token attachedSymbol On Line 24995
            Warning - 1 : Skipping Token attachedSymbol On Line 24996
            Warning - 1 : Skipping Token attachedSymbol On Line 24997
            Warning - 1 : Skipping Token attachedSymbol On Line 25025
            Warning - 1 : Skipping Token attachedSymbol On Line 25056
            Warning - 1 : Skipping Token attachedSymbol On Line 25057
            Warning - 1 : Skipping Token attachedSymbol On Line 25058
            Warning - 1 : Skipping Token attachedSymbol On Line 25059
            Warning - 1 : Skipping Token attachedSymbol On Line 25060
            Warning - 1 : Skipping Token attachedSymbol On Line 25061
            Warning - 1 : Skipping Token attachedSymbol On Line 25062
            Warning - 1 : Skipping Token attachedSymbol On Line 25063
            Warning - 1 : Skipping Token attachedSymbol On Line 25108
            Warning - 1 : Skipping Token attachedSymbol On Line 25171
            Warning - 1 : Skipping Token attachedSymbol On Line 25244
            Warning - 1 : Skipping Token attachedSymbol On Line 25323
            Warning - 1 : Skipping Token attachedSymbol On Line 25412
            Warning - 1 : Skipping Token attachedSymbol On Line 25475
            Warning - 1 : Skipping Token attachedSymbol On Line 25506
            Warning - 1 : Skipping Token attachedSymbol On Line 25541
            Warning - 1 : Skipping Token attachedSymbol On Line 25584
            Warning - 1 : Skipping Token attachedSymbol On Line 25585
            Warning - 1 : Skipping Token attachedSymbol On Line 25586
            Warning - 1 : Skipping Token attachedSymbol On Line 25587
            Warning - 1 : Skipping Token attachedSymbol On Line 25588
            Warning - 1 : Skipping Token attachedSymbol On Line 25589
            Warning - 1 : Skipping Token attachedSymbol On Line 25590
            Warning - 1 : Skipping Token attachedSymbol On Line 25591
            Warning - 1 : Skipping Token attachedSymbol On Line 25626
            Warning - 1 : Skipping Token attachedSymbol On Line 25647
            Warning - 1 : Skipping Token attachedSymbol On Line 25669
            Warning - 1 : Skipping Token attachedSymbol On Line 25693
            Warning - 1 : Skipping Token attachedSymbol On Line 25719
            Warning - 1 : Skipping Token attachedSymbol On Line 25839
            Warning - 1 : Skipping Token attachedSymbol On Line 25840
            Warning - 1 : Skipping Token attachedSymbol On Line 25841
            Warning - 1 : Skipping Token attachedSymbol On Line 25842
            Warning - 1 : Skipping Token attachedSymbol On Line 25843
            Warning - 1 : Skipping Token attachedSymbol On Line 25844
            Warning - 1 : Skipping Token attachedSymbol On Line 25845
            Warning - 1 : Skipping Token attachedSymbol On Line 25846
            Warning - 1 : Skipping Token attachedSymbol On Line 25847
            Warning - 1 : Skipping Token attachedSymbol On Line 25848
            Warning - 1 : Skipping Token attachedSymbol On Line 25849
            Warning - 1 : Skipping Token attachedSymbol On Line 25850
            Warning - 1 : Skipping Token attachedSymbol On Line 25851
            Warning - 1 : Skipping Token attachedSymbol On Line 25852
            Warning - 1 : Skipping Token attachedSymbol On Line 25853
            Warning - 1 : Skipping Token attachedSymbol On Line 25854
            Warning - 1 : Skipping Token attachedSymbol On Line 25855
            Warning - 1 : Skipping Token attachedSymbol On Line 25856
            Warning - 1 : Skipping Token attachedSymbol On Line 25857
            Warning - 1 : Skipping Token attachedSymbol On Line 25858
            Warning - 1 : Skipping Token attachedSymbol On Line 25859
            Warning - 1 : Skipping Token attachedSymbol On Line 25860
            Warning - 1 : Skipping Token attachedSymbol On Line 25861
            Warning - 1 : Skipping Token attachedSymbol On Line 25862
            Warning - 1 : Skipping Token attachedSymbol On Line 25863
            Warning - 1 : Skipping Token attachedSymbol On Line 25864
            Warning - 1 : Skipping Token attachedSymbol On Line 25865
            Warning - 1 : Skipping Token attachedSymbol On Line 25866
            Warning - 1 : Skipping Token attachedSymbol On Line 25867
            Warning - 1 : Skipping Token attachedSymbol On Line 25868
            Warning - 1 : Skipping Token attachedSymbol On Line 25869
            Warning - 1 : Skipping Token attachedSymbol On Line 25870
            Warning - 1 : Skipping Token attachedSymbol On Line 25871
            Warning - 1 : Skipping Token attachedSymbol On Line 25872
            Warning - 1 : Skipping Token attachedSymbol On Line 25873
            Warning - 1 : Skipping Token attachedSymbol On Line 25874
            Warning - 1 : Skipping Token attachedSymbol On Line 25875
            Warning - 1 : Skipping Token attachedSymbol On Line 25876
            Warning - 1 : Skipping Token attachedSymbol On Line 25877
            Warning - 1 : Skipping Token attachedSymbol On Line 25878
            Warning - 1 : Skipping Token attachedSymbol On Line 25879
            Warning - 1 : Skipping Token attachedSymbol On Line 25880
            Warning - 1 : Skipping Token attachedSymbol On Line 25881
            Warning - 1 : Skipping Token attachedSymbol On Line 25882
            Warning - 1 : Skipping Token attachedSymbol On Line 25883
            Warning - 1 : Skipping Token attachedSymbol On Line 25884
            Warning - 1 : Skipping Token attachedSymbol On Line 25885
            Warning - 1 : Skipping Token attachedSymbol On Line 25886
            Warning - 1 : Skipping Token attachedSymbol On Line 25887
            Warning - 1 : Skipping Token attachedSymbol On Line 25888
            Warning - 1 : Skipping Token attachedSymbol On Line 25889
            Warning - 1 : Skipping Token attachedSymbol On Line 25890
            Warning - 1 : Skipping Token attachedSymbol On Line 25891
            Warning - 1 : Skipping Token attachedSymbol On Line 25892
            Warning - 1 : Skipping Token attachedSymbol On Line 25893
            Warning - 1 : Skipping Token attachedSymbol On Line 25894
            Warning - 1 : Skipping Token attachedSymbol On Line 25895
            Warning - 1 : Skipping Token attachedSymbol On Line 25896
            Warning - 1 : Skipping Token attachedSymbol On Line 25897
            Warning - 1 : Skipping Token attachedSymbol On Line 25898
            Warning - 1 : Skipping Token attachedSymbol On Line 25899
            Warning - 1 : Skipping Token attachedSymbol On Line 25900
            Warning - 1 : Skipping Token attachedSymbol On Line 25901
            Warning - 1 : Skipping Token attachedSymbol On Line 25902
            Warning - 1 : Skipping Token attachedSymbol On Line 25903
            Warning - 1 : Skipping Token attachedSymbol On Line 25904
            Warning - 1 : Skipping Token attachedSymbol On Line 25905
            Warning - 1 : Skipping Token attachedSymbol On Line 25906
            Warning - 1 : Skipping Token attachedSymbol On Line 25907
            Warning - 1 : Skipping Token attachedSymbol On Line 25908
            Warning - 1 : Skipping Token attachedSymbol On Line 25909
            Warning - 1 : Skipping Token attachedSymbol On Line 25910
            Warning - 1 : Skipping Token attachedSymbol On Line 25911
            Warning - 1 : Skipping Token attachedSymbol On Line 25912
            Warning - 1 : Skipping Token attachedSymbol On Line 25913
            Warning - 1 : Skipping Token attachedSymbol On Line 25914
            Warning - 1 : Skipping Token attachedSymbol On Line 25915
            Warning - 1 : Skipping Token attachedSymbol On Line 25916
            Warning - 1 : Skipping Token attachedSymbol On Line 25917
            Warning - 1 : Skipping Token attachedSymbol On Line 25918
            Warning - 1 : Skipping Token attachedSymbol On Line 25919
            Warning - 1 : Skipping Token attachedSymbol On Line 25920
            Warning - 1 : Skipping Token attachedSymbol On Line 25921
            Warning - 1 : Skipping Token attachedSymbol On Line 25922
            Warning - 1 : Skipping Token attachedSymbol On Line 25923
            Warning - 1 : Skipping Token attachedSymbol On Line 25924
            Warning - 1 : Skipping Token attachedSymbol On Line 25925
            Warning - 1 : Skipping Token attachedSymbol On Line 25926
            Warning - 1 : Skipping Token attachedSymbol On Line 25927
            Warning - 1 : Skipping Token attachedSymbol On Line 25928
            Warning - 1 : Skipping Token attachedSymbol On Line 25929
            Warning - 1 : Skipping Token attachedSymbol On Line 25930
            Warning - 1 : Skipping Token attachedSymbol On Line 25931
            Warning - 1 : Skipping Token attachedSymbol On Line 25932
            Warning - 1 : Skipping Token attachedSymbol On Line 25933
            Warning - 1 : Skipping Token attachedSymbol On Line 25934
        EndSection

        Section : Import Messages
            Warning : Target Pad Converted To Rounded Pad
            Warning : Target Pad Converted To Rounded Pad
            Warning : Target Pad Converted To Rounded Pad
            Warning : Target Pad Converted To Rounded Pad
            Warning : Target Pad Converted To Rounded Pad
            Warning : Target Pad Converted To Rounded Pad
            Warning : Target Pad Converted To Rounded Pad
            Warning : Target Pad Converted To Rounded Pad
            Warning : Target Pad Converted To Rounded Pad
            Warning : Target Pad Converted To Rounded Pad
            Warning : Target Pad Converted To Rounded Pad
            Warning : Target Pad Converted To Rounded Pad
            Warning : Target Pad Converted To Rounded Pad
            Warning : Target Pad Converted To Rounded Pad
            Warning : Target Pad Converted To Rounded Pad
            Warning : Target Pad Converted To Rounded Pad
            Warning : Target Pad Converted To Rounded Pad
            Warning : Target Pad Converted To Rounded Pad
            Warning : Target Pad Converted To Rounded Pad
            Warning : Target Pad Converted To Rounded Pad
            Warning : Target Pad Converted To Rounded Pad
            Warning : Target Pad Converted To Rounded Pad
            Warning : Target Pad Converted To Rounded Pad
            Warning : Target Pad Converted To Rounded Pad
            Warning : Target Pad Converted To Rounded Pad
            Warning : Target Pad Converted To Rounded Pad
            Warning : Target Pad Converted To Rounded Pad
            Warning : Target Pad Converted To Rounded Pad
            Warning : Target Pad Converted To Rounded Pad
            Warning : Target Pad Converted To Rounded Pad
            Warning : Target Pad Converted To Rounded Pad
            Warning : Target Pad Converted To Rounded Pad
            Warning : Target Pad Converted To Rounded Pad
            Warning : Target Pad Converted To Rounded Pad
            Warning : Target Pad Converted To Rounded Pad
            Warning : Target Pad Converted To Rounded Pad
            Warning : Target Pad Converted To Rounded Pad
            Warning : Target Pad Converted To Rounded Pad
            Warning : Target Pad Converted To Rounded Pad
            Warning : Target Pad Converted To Rounded Pad
            Warning : Target Pad Converted To Rounded Pad
            Warning : Target Pad Converted To Rounded Pad
            Warning : Target Pad Converted To Rounded Pad
            Warning : Target Pad Converted To Rounded Pad
            Warning : Target Pad Converted To Rounded Pad
            Warning : Target Pad Converted To Rounded Pad
            Warning : Target Pad Converted To Rounded Pad
            Warning : Target Pad Converted To Rounded Pad
            Warning : Target Pad Converted To Rounded Pad
            Warning : Target Pad Converted To Rounded Pad
            Warning : Target Pad Converted To Rounded Pad
            Warning : Target Pad Converted To Rounded Pad
            Warning : Target Pad Converted To Rounded Pad
            Warning : Target Pad Converted To Rounded Pad
            Warning : Target Pad Converted To Rounded Pad
            Warning : Target Pad Converted To Rounded Pad
            Warning : Target Pad Converted To Rounded Pad
            Warning : Target Pad Converted To Rounded Pad
            Warning : Target Pad Converted To Rounded Pad
            Warning : Target Pad Converted To Rounded Pad
            Warning : Target Pad Converted To Rounded Pad
            Warning : Target Pad Converted To Rounded Pad
            Warning : Target Pad Converted To Rounded Pad
            Warning : Target Pad Converted To Rounded Pad
            Warning : Target Pad Converted To Rounded Pad
            Warning : Target Pad Converted To Rounded Pad
            Warning : Target Pad Converted To Rounded Pad
            Warning : Target Pad Converted To Rounded Pad
            Warning : Target Pad Converted To Rounded Pad
            Warning : Target Pad Converted To Rounded Pad
            Warning : Target Pad Converted To Rounded Pad
            Warning : Target Pad Converted To Rounded Pad
            Warning : Target Pad Converted To Rounded Pad
            Warning : Target Pad Converted To Rounded Pad
            Warning : Target Pad Converted To Rounded Pad
            Warning : Target Pad Converted To Rounded Pad
            Warning : Target Pad Converted To Rounded Pad
            Warning : Target Pad Converted To Rounded Pad
            Warning : Component GND does not have PCB footprint definition and will be skipped
            Warning : Target Pad Converted To Rounded Pad
            Warning : Target Pad Converted To Rounded Pad
            Warning : Target Pad Converted To Rounded Pad
            Warning : Target Pad Converted To Rounded Pad
            Warning : Target Pad Converted To Rounded Pad
            Warning : Target Pad Converted To Rounded Pad
            Warning : Target Pad Converted To Rounded Pad
            Warning : Target Pad Converted To Rounded Pad
            Warning : Target Pad Converted To Rounded Pad
            Warning : Target Pad Converted To Rounded Pad
            Warning : Target Pad Converted To Rounded Pad
            Warning : Target Pad Converted To Rounded Pad
            Warning : Target Pad Converted To Rounded Pad
            Warning : Target Pad Converted To Rounded Pad
            Warning : Target Pad Converted To Rounded Pad
            Warning : Target Pad Converted To Rounded Pad
            Warning : Target Pad Converted To Rounded Pad
            Warning : Target Pad Converted To Rounded Pad
            Warning : Target Pad Converted To Rounded Pad
            Warning : Target Pad Converted To Rounded Pad
            Warning : Target Pad Converted To Rounded Pad
            Warning : Target Pad Converted To Rounded Pad
            Warning : Target Pad Converted To Rounded Pad
            Warning : Target Pad Converted To Rounded Pad
            Warning : Target Pad Converted To Rounded Pad
            Warning : Target Pad Converted To Rounded Pad
            Warning : Target Pad Converted To Rounded Pad
            Warning : Target Pad Converted To Rounded Pad
            Warning : Target Pad Converted To Rounded Pad
            Warning : Target Pad Converted To Rounded Pad
            Warning : Component VCC does not have PCB footprint definition and will be skipped
            Error   : PCAD Pattern Graphics [VIP2][Primary] associated with PCAD Component [VIP2] was not imported because the first 31 characters of its footprint name conflicted with other components.
        EndSection
    EndSection

    Section : SCH Library - –¿«⁄≈Ã€-MM.SchLib
        Section : Parsing Messages
            Warning - 1 : Skipping Token padStyleDef On Line 13
            Warning - 1 : Skipping Token padStyleDef On Line 23
            Warning - 1 : Skipping Token padStyleDef On Line 33
            Warning - 1 : Skipping Token padStyleDef On Line 43
            Warning - 1 : Skipping Token padStyleDef On Line 53
            Warning - 1 : Skipping Token padStyleDef On Line 63
            Warning - 1 : Skipping Token padStyleDef On Line 73
            Warning - 1 : Skipping Token padStyleDef On Line 83
            Warning - 1 : Skipping Token padStyleDef On Line 93
            Warning - 1 : Skipping Token padStyleDef On Line 103
            Warning - 1 : Skipping Token padStyleDef On Line 114
            Warning - 1 : Skipping Token padStyleDef On Line 125
            Warning - 1 : Skipping Token padStyleDef On Line 135
            Warning - 1 : Skipping Token padStyleDef On Line 145
            Warning - 1 : Skipping Token padStyleDef On Line 155
            Warning - 1 : Skipping Token padStyleDef On Line 165
            Warning - 1 : Skipping Token padStyleDef On Line 175
            Warning - 1 : Skipping Token padStyleDef On Line 185
            Warning - 1 : Skipping Token padStyleDef On Line 195
            Warning - 1 : Skipping Token viaStyleDef On Line 205
            Warning - 1 : Skipping Token multiLayer On Line 392
            Warning - 1 : Skipping Token layerContents On Line 422
            Warning - 1 : Skipping Token multiLayer On Line 441
            Warning - 1 : Skipping Token layerContents On Line 445
            Warning - 1 : Skipping Token multiLayer On Line 474
            Warning - 1 : Skipping Token layerContents On Line 510
            Warning - 1 : Skipping Token multiLayer On Line 532
            Warning - 1 : Skipping Token layerContents On Line 544
            Warning - 1 : Skipping Token multiLayer On Line 573
            Warning - 1 : Skipping Token layerContents On Line 585
            Warning - 1 : Skipping Token multiLayer On Line 614
            Warning - 1 : Skipping Token layerContents On Line 630
            Warning - 1 : Skipping Token multiLayer On Line 661
            Warning - 1 : Skipping Token layerContents On Line 677
            Warning - 1 : Skipping Token multiLayer On Line 708
            Warning - 1 : Skipping Token layerContents On Line 726
            Warning - 1 : Skipping Token multiLayer On Line 757
            Warning - 1 : Skipping Token layerContents On Line 775
            Warning - 1 : Skipping Token multiLayer On Line 806
            Warning - 1 : Skipping Token layerContents On Line 828
            Warning - 1 : Skipping Token multiLayer On Line 859
            Warning - 1 : Skipping Token layerContents On Line 887
            Warning - 1 : Skipping Token multiLayer On Line 919
            Warning - 1 : Skipping Token layerContents On Line 947
            Warning - 1 : Skipping Token multiLayer On Line 979
            Warning - 1 : Skipping Token layerContents On Line 1007
            Warning - 1 : Skipping Token multiLayer On Line 1029
            Warning - 1 : Skipping Token layerContents On Line 1065
            Warning - 1 : Skipping Token multiLayer On Line 1099
            Warning - 1 : Skipping Token layerContents On Line 1135
            Warning - 1 : Skipping Token multiLayer On Line 1169
            Warning - 1 : Skipping Token layerContents On Line 1211
            Warning - 1 : Skipping Token multiLayer On Line 1247
            Warning - 1 : Skipping Token layerContents On Line 1289
            Warning - 1 : Skipping Token layerContents On Line 1328
            Warning - 1 : Skipping Token multiLayer On Line 1344
            Warning - 1 : Skipping Token layerContents On Line 1386
            Warning - 1 : Skipping Token multiLayer On Line 1422
            Warning - 1 : Skipping Token layerContents On Line 1441
            Warning - 1 : Skipping Token multiLayer On Line 1522
            Warning - 1 : Skipping Token layerContents On Line 1541
            Warning - 1 : Skipping Token multiLayer On Line 1622
            Warning - 1 : Skipping Token layerContents On Line 1651
            Warning - 1 : Skipping Token multiLayer On Line 1746
            Warning - 1 : Skipping Token layerContents On Line 1775
            Warning - 1 : Skipping Token multiLayer On Line 1870
            Warning - 1 : Skipping Token layerContents On Line 1911
            Warning - 1 : Skipping Token multiLayer On Line 2013
            Warning - 1 : Skipping Token layerContents On Line 2054
            Warning - 1 : Skipping Token multiLayer On Line 2156
            Warning - 1 : Skipping Token layerContents On Line 2169
            Warning - 1 : Skipping Token multiLayer On Line 2250
            Warning - 1 : Skipping Token layerContents On Line 2263
            Warning - 1 : Skipping Token multiLayer On Line 2344
            Warning - 1 : Skipping Token layerContents On Line 2352
            Warning - 1 : Skipping Token multiLayer On Line 2375
            Warning - 1 : Skipping Token layerContents On Line 2385
            Warning - 1 : Skipping Token multiLayer On Line 2408
            Warning - 1 : Skipping Token layerContents On Line 2443
            Warning - 1 : Skipping Token multiLayer On Line 2627
            Warning - 1 : Skipping Token layerContents On Line 2692
            Warning - 1 : Skipping Token multiLayer On Line 2967
            Warning - 1 : Skipping Token layerContents On Line 2987
            Warning - 1 : Skipping Token multiLayer On Line 3006
            Warning - 1 : Skipping Token layerContents On Line 3027
            Warning - 1 : Skipping Token multiLayer On Line 3046
            Warning - 1 : Skipping Token layerContents On Line 3050
            Warning - 1 : Skipping Token multiLayer On Line 3070
            Warning - 1 : Skipping Token layerContents On Line 3076
            Warning - 1 : Skipping Token multiLayer On Line 3098
            Warning - 1 : Skipping Token layerContents On Line 3101
            Warning - 1 : Skipping Token multiLayer On Line 3114
            Warning - 1 : Skipping Token layerContents On Line 3117
            Warning - 1 : Skipping Token multiLayer On Line 3130
            Warning - 1 : Skipping Token layerContents On Line 3133
            Warning - 1 : Skipping Token multiLayer On Line 3146
            Warning - 1 : Skipping Token layerContents On Line 3149
            Warning - 1 : Skipping Token multiLayer On Line 3161
            Warning - 1 : Skipping Token layerContents On Line 3164
            Warning - 1 : Skipping Token multiLayer On Line 3176
            Warning - 1 : Skipping Token layerContents On Line 3180
            Warning - 1 : Skipping Token layerContents On Line 3183
            Warning - 1 : Skipping Token multiLayer On Line 3195
            Warning - 1 : Skipping Token layerContents On Line 3237
            Warning - 1 : Skipping Token multiLayer On Line 3254
            Warning - 1 : Skipping Token layerContents On Line 3320
            Warning - 1 : Skipping Token multiLayer On Line 3339
            Warning - 1 : Skipping Token layerContents On Line 3345
            Warning - 1 : Skipping Token multiLayer On Line 3364
            Warning - 1 : Skipping Token layerContents On Line 3372
            Warning - 1 : Skipping Token multiLayer On Line 3391
            Warning - 1 : Skipping Token layerContents On Line 3413
            Warning - 1 : Skipping Token multiLayer On Line 3430
            Warning - 1 : Skipping Token layerContents On Line 3452
            Warning - 1 : Skipping Token multiLayer On Line 3469
            Warning - 1 : Skipping Token layerContents On Line 3475
            Warning - 1 : Skipping Token multiLayer On Line 3491
            Warning - 1 : Skipping Token layerContents On Line 3499
            Warning - 1 : Skipping Token multiLayer On Line 3516
            Warning - 1 : Skipping Token layerContents On Line 3582
            Warning - 1 : Skipping Token multiLayer On Line 3601
            Warning - 1 : Skipping Token layerContents On Line 3617
            Warning - 1 : Skipping Token multiLayer On Line 3636
            Warning - 1 : Skipping Token layerContents On Line 3654
            Warning - 1 : Skipping Token multiLayer On Line 3673
            Warning - 1 : Skipping Token layerContents On Line 3678
            Warning - 1 : Skipping Token multiLayer On Line 3703
            Warning - 1 : Skipping Token layerContents On Line 3707
            Warning - 1 : Skipping Token multiLayer On Line 3741
            Warning - 1 : Skipping Token layerContents On Line 3744
            Warning - 1 : Skipping Token multiLayer On Line 3785
            Warning - 1 : Skipping Token layerContents On Line 3797
            Warning - 1 : Skipping Token multiLayer On Line 3813
            Warning - 1 : Skipping Token layerContents On Line 3825
            Warning - 1 : Skipping Token multiLayer On Line 3841
            Warning - 1 : Skipping Token layerContents On Line 3851
            Warning - 1 : Skipping Token multiLayer On Line 3890
            Warning - 1 : Skipping Token layerContents On Line 3894
            Warning - 1 : Skipping Token multiLayer On Line 3911
            Warning - 1 : Skipping Token layerContents On Line 3916
            Warning - 1 : Skipping Token multiLayer On Line 3933
            Warning - 1 : Skipping Token layerContents On Line 3939
            Warning - 1 : Skipping Token multiLayer On Line 3959
            Warning - 1 : Skipping Token layerContents On Line 3966
            Warning - 1 : Skipping Token multiLayer On Line 3986
            Warning - 1 : Skipping Token layerContents On Line 3994
            Warning - 1 : Skipping Token multiLayer On Line 4014
            Warning - 1 : Skipping Token layerContents On Line 4024
            Warning - 1 : Skipping Token multiLayer On Line 4044
            Warning - 1 : Skipping Token layerContents On Line 4066
            Warning - 1 : Skipping Token multiLayer On Line 4084
            Warning - 1 : Skipping Token layerContents On Line 4106
            Warning - 1 : Skipping Token multiLayer On Line 4124
            Warning - 1 : Skipping Token layerContents On Line 4152
            Warning - 1 : Skipping Token multiLayer On Line 4170
            Warning - 1 : Skipping Token layerContents On Line 4202
            Warning - 1 : Skipping Token multiLayer On Line 4220
            Warning - 1 : Skipping Token layerContents On Line 4254
            Warning - 1 : Skipping Token multiLayer On Line 4272
            Warning - 1 : Skipping Token layerContents On Line 4278
            Warning - 1 : Skipping Token multiLayer On Line 4297
            Warning - 1 : Skipping Token layerContents On Line 4339
            Warning - 1 : Skipping Token multiLayer On Line 4357
            Warning - 1 : Skipping Token layerContents On Line 4409
            Warning - 1 : Skipping Token multiLayer On Line 4427
            Warning - 1 : Skipping Token layerContents On Line 4435
            Warning - 1 : Skipping Token multiLayer On Line 4456
            Warning - 1 : Skipping Token layerContents On Line 4466
            Warning - 1 : Skipping Token multiLayer On Line 4484
            Warning - 1 : Skipping Token layerContents On Line 4496
            Warning - 1 : Skipping Token multiLayer On Line 4514
            Warning - 1 : Skipping Token layerContents On Line 4532
            Warning - 1 : Skipping Token multiLayer On Line 4551
            Warning - 1 : Skipping Token layerContents On Line 4555
            Warning - 1 : Skipping Token layerContents On Line 4564
            Warning - 1 : Skipping Token multiLayer On Line 4575
            Warning - 1 : Skipping Token layerContents On Line 4579
            Warning - 1 : Skipping Token layerContents On Line 4594
            Warning - 1 : Skipping Token multiLayer On Line 4605
            Warning - 1 : Skipping Token layerContents On Line 4641
            Warning - 1 : Skipping Token multiLayer On Line 4667
            Warning - 1 : Skipping Token layerContents On Line 4703
            Warning - 1 : Skipping Token multiLayer On Line 4729
            Warning - 1 : Skipping Token layerContents On Line 4734
            Warning - 1 : Skipping Token layerContents On Line 4748
            Warning - 1 : Skipping Token multiLayer On Line 4759
            Warning - 1 : Skipping Token layerContents On Line 4765
            Warning - 1 : Skipping Token layerContents On Line 4779
            Warning - 1 : Skipping Token multiLayer On Line 4790
            Warning - 1 : Skipping Token layerContents On Line 4797
            Warning - 1 : Skipping Token layerContents On Line 4805
            Warning - 1 : Skipping Token multiLayer On Line 4816
            Warning - 1 : Skipping Token layerContents On Line 4884
            Warning - 1 : Skipping Token multiLayer On Line 4910
            Warning - 1 : Skipping Token layerContents On Line 4978
            Warning - 1 : Skipping Token multiLayer On Line 5004
            Warning - 1 : Skipping Token layerContents On Line 5104
            Warning - 1 : Skipping Token defaultPinDes On Line 5132
            Warning - 1 : Skipping Token defaultPinDes On Line 5205
            Warning - 1 : Skipping Token defaultPinDes On Line 5213
            Warning - 1 : Skipping Token defaultPinDes On Line 5221
            Warning - 1 : Skipping Token defaultPinDes On Line 5229
            Warning - 1 : Skipping Token defaultPinDes On Line 5237
            Warning - 1 : Skipping Token defaultPinDes On Line 5245
            Warning - 1 : Skipping Token defaultPinDes On Line 5253
            Warning - 1 : Skipping Token defaultPinDes On Line 5261
            Warning - 1 : Skipping Token defaultPinDes On Line 5269
            Warning - 1 : Skipping Token defaultPinDes On Line 5277
            Warning - 1 : Skipping Token defaultPinDes On Line 5285
            Warning - 1 : Skipping Token defaultPinDes On Line 5293
            Warning - 1 : Skipping Token defaultPinDes On Line 5301
            Warning - 1 : Skipping Token defaultPinDes On Line 5309
            Warning - 1 : Skipping Token defaultPinDes On Line 5317
            Warning - 1 : Skipping Token defaultPinDes On Line 5325
            Warning - 1 : Skipping Token defaultPinDes On Line 5333
            Warning - 1 : Skipping Token defaultPinDes On Line 5341
            Warning - 1 : Skipping Token defaultPinDes On Line 5349
            Warning - 1 : Skipping Token defaultPinDes On Line 5357
            Warning - 1 : Skipping Token defaultPinDes On Line 5472
            Warning - 1 : Skipping Token defaultPinDes On Line 5480
            Warning - 1 : Skipping Token defaultPinDes On Line 5488
            Warning - 1 : Skipping Token defaultPinDes On Line 5496
            Warning - 1 : Skipping Token defaultPinDes On Line 5504
            Warning - 1 : Skipping Token defaultPinDes On Line 5512
            Warning - 1 : Skipping Token defaultPinDes On Line 5520
            Warning - 1 : Skipping Token defaultPinDes On Line 5528
            Warning - 1 : Skipping Token defaultPinDes On Line 5536
            Warning - 1 : Skipping Token defaultPinDes On Line 5544
            Warning - 1 : Skipping Token defaultPinDes On Line 5552
            Warning - 1 : Skipping Token defaultPinDes On Line 5560
            Warning - 1 : Skipping Token defaultPinDes On Line 5568
            Warning - 1 : Skipping Token defaultPinDes On Line 5576
            Warning - 1 : Skipping Token defaultPinDes On Line 5584
            Warning - 1 : Skipping Token defaultPinDes On Line 5592
            Warning - 1 : Skipping Token defaultPinDes On Line 5600
            Warning - 1 : Skipping Token defaultPinDes On Line 5608
            Warning - 1 : Skipping Token defaultPinDes On Line 5616
            Warning - 1 : Skipping Token defaultPinDes On Line 5624
            Warning - 1 : Skipping Token defaultPinDes On Line 5739
            Warning - 1 : Skipping Token defaultPinDes On Line 5747
            Warning - 1 : Skipping Token defaultPinDes On Line 5755
            Warning - 1 : Skipping Token defaultPinDes On Line 5763
            Warning - 1 : Skipping Token defaultPinDes On Line 5771
            Warning - 1 : Skipping Token defaultPinDes On Line 5779
            Warning - 1 : Skipping Token defaultPinDes On Line 5787
            Warning - 1 : Skipping Token defaultPinDes On Line 5795
            Warning - 1 : Skipping Token defaultPinDes On Line 5803
            Warning - 1 : Skipping Token defaultPinDes On Line 5811
            Warning - 1 : Skipping Token defaultPinDes On Line 5819
            Warning - 1 : Skipping Token defaultPinDes On Line 5827
            Warning - 1 : Skipping Token defaultPinDes On Line 5835
            Warning - 1 : Skipping Token defaultPinDes On Line 5843
            Warning - 1 : Skipping Token defaultPinDes On Line 5851
            Warning - 1 : Skipping Token defaultPinDes On Line 5859
            Warning - 1 : Skipping Token defaultPinDes On Line 5867
            Warning - 1 : Skipping Token defaultPinDes On Line 5875
            Warning - 1 : Skipping Token defaultPinDes On Line 5883
            Warning - 1 : Skipping Token defaultPinDes On Line 5891
            Warning - 1 : Skipping Token defaultPinDes On Line 5899
            Warning - 1 : Skipping Token defaultPinDes On Line 5907
            Warning - 1 : Skipping Token defaultPinDes On Line 5915
            Warning - 1 : Skipping Token defaultPinDes On Line 5923
            Warning - 1 : Skipping Token defaultPinDes On Line 5931
            Warning - 1 : Skipping Token defaultPinDes On Line 5939
            Warning - 1 : Skipping Token defaultPinDes On Line 5947
            Warning - 1 : Skipping Token defaultPinDes On Line 5955
            Warning - 1 : Skipping Token defaultPinDes On Line 5963
            Warning - 1 : Skipping Token defaultPinDes On Line 5971
            Warning - 1 : Skipping Token defaultPinDes On Line 5979
            Warning - 1 : Skipping Token defaultPinDes On Line 5987
            Warning - 1 : Skipping Token defaultPinDes On Line 6162
            Warning - 1 : Skipping Token defaultPinDes On Line 6170
            Warning - 1 : Skipping Token defaultPinDes On Line 6178
            Warning - 1 : Skipping Token defaultPinDes On Line 6186
            Warning - 1 : Skipping Token defaultPinDes On Line 6194
            Warning - 1 : Skipping Token defaultPinDes On Line 6202
            Warning - 1 : Skipping Token defaultPinDes On Line 6210
            Warning - 1 : Skipping Token defaultPinDes On Line 6218
            Warning - 1 : Skipping Token defaultPinDes On Line 6226
            Warning - 1 : Skipping Token defaultPinDes On Line 6234
            Warning - 1 : Skipping Token defaultPinDes On Line 6242
            Warning - 1 : Skipping Token defaultPinDes On Line 6250
            Warning - 1 : Skipping Token defaultPinDes On Line 6258
            Warning - 1 : Skipping Token defaultPinDes On Line 6266
            Warning - 1 : Skipping Token defaultPinDes On Line 6274
            Warning - 1 : Skipping Token defaultPinDes On Line 6282
            Warning - 1 : Skipping Token defaultPinDes On Line 6290
            Warning - 1 : Skipping Token defaultPinDes On Line 6298
            Warning - 1 : Skipping Token defaultPinDes On Line 6306
            Warning - 1 : Skipping Token defaultPinDes On Line 6314
            Warning - 1 : Skipping Token defaultPinDes On Line 6322
            Warning - 1 : Skipping Token defaultPinDes On Line 6330
            Warning - 1 : Skipping Token defaultPinDes On Line 6338
            Warning - 1 : Skipping Token defaultPinDes On Line 6346
            Warning - 1 : Skipping Token defaultPinDes On Line 6354
            Warning - 1 : Skipping Token defaultPinDes On Line 6362
            Warning - 1 : Skipping Token defaultPinDes On Line 6370
            Warning - 1 : Skipping Token defaultPinDes On Line 6378
            Warning - 1 : Skipping Token defaultPinDes On Line 6386
            Warning - 1 : Skipping Token defaultPinDes On Line 6394
            Warning - 1 : Skipping Token defaultPinDes On Line 6402
            Warning - 1 : Skipping Token defaultPinDes On Line 6410
            Warning - 1 : Skipping Token defaultPinDes On Line 6585
            Warning - 1 : Skipping Token defaultPinDes On Line 6593
            Warning - 1 : Skipping Token defaultPinDes On Line 6601
            Warning - 1 : Skipping Token defaultPinDes On Line 6609
            Warning - 1 : Skipping Token defaultPinDes On Line 6617
            Warning - 1 : Skipping Token defaultPinDes On Line 6625
            Warning - 1 : Skipping Token defaultPinDes On Line 6633
            Warning - 1 : Skipping Token defaultPinDes On Line 6641
            Warning - 1 : Skipping Token defaultPinDes On Line 6649
            Warning - 1 : Skipping Token defaultPinDes On Line 6657
            Warning - 1 : Skipping Token defaultPinDes On Line 6665
            Warning - 1 : Skipping Token defaultPinDes On Line 6673
            Warning - 1 : Skipping Token defaultPinDes On Line 6681
            Warning - 1 : Skipping Token defaultPinDes On Line 6689
            Warning - 1 : Skipping Token defaultPinDes On Line 6697
            Warning - 1 : Skipping Token defaultPinDes On Line 6705
            Warning - 1 : Skipping Token defaultPinDes On Line 6713
            Warning - 1 : Skipping Token defaultPinDes On Line 6721
            Warning - 1 : Skipping Token defaultPinDes On Line 6729
            Warning - 1 : Skipping Token defaultPinDes On Line 6737
            Warning - 1 : Skipping Token defaultPinDes On Line 6745
            Warning - 1 : Skipping Token defaultPinDes On Line 6753
            Warning - 1 : Skipping Token defaultPinDes On Line 6761
            Warning - 1 : Skipping Token defaultPinDes On Line 6769
            Warning - 1 : Skipping Token defaultPinDes On Line 6777
            Warning - 1 : Skipping Token defaultPinDes On Line 6785
            Warning - 1 : Skipping Token defaultPinDes On Line 6793
            Warning - 1 : Skipping Token defaultPinDes On Line 6801
            Warning - 1 : Skipping Token defaultPinDes On Line 6809
            Warning - 1 : Skipping Token defaultPinDes On Line 6817
            Warning - 1 : Skipping Token defaultPinDes On Line 6825
            Warning - 1 : Skipping Token defaultPinDes On Line 6995
            Warning - 1 : Skipping Token defaultPinDes On Line 7003
            Warning - 1 : Skipping Token defaultPinDes On Line 7011
            Warning - 1 : Skipping Token defaultPinDes On Line 7019
            Warning - 1 : Skipping Token defaultPinDes On Line 7027
            Warning - 1 : Skipping Token defaultPinDes On Line 7035
            Warning - 1 : Skipping Token defaultPinDes On Line 7043
            Warning - 1 : Skipping Token defaultPinDes On Line 7051
            Warning - 1 : Skipping Token defaultPinDes On Line 7059
            Warning - 1 : Skipping Token defaultPinDes On Line 7067
            Warning - 1 : Skipping Token defaultPinDes On Line 7075
            Warning - 1 : Skipping Token defaultPinDes On Line 7083
            Warning - 1 : Skipping Token defaultPinDes On Line 7091
            Warning - 1 : Skipping Token defaultPinDes On Line 7099
            Warning - 1 : Skipping Token defaultPinDes On Line 7107
            Warning - 1 : Skipping Token defaultPinDes On Line 7115
            Warning - 1 : Skipping Token defaultPinDes On Line 7123
            Warning - 1 : Skipping Token defaultPinDes On Line 7131
            Warning - 1 : Skipping Token defaultPinDes On Line 7139
            Warning - 1 : Skipping Token defaultPinDes On Line 7147
            Warning - 1 : Skipping Token defaultPinDes On Line 7155
            Warning - 1 : Skipping Token defaultPinDes On Line 7163
            Warning - 1 : Skipping Token defaultPinDes On Line 7171
            Warning - 1 : Skipping Token defaultPinDes On Line 7179
            Warning - 1 : Skipping Token defaultPinDes On Line 7187
            Warning - 1 : Skipping Token defaultPinDes On Line 7195
            Warning - 1 : Skipping Token defaultPinDes On Line 7203
            Warning - 1 : Skipping Token defaultPinDes On Line 7211
            Warning - 1 : Skipping Token defaultPinDes On Line 7219
            Warning - 1 : Skipping Token defaultPinDes On Line 7227
            Warning - 1 : Skipping Token defaultPinDes On Line 7235
            Warning - 1 : Skipping Token defaultPinDes On Line 7427
            Warning - 1 : Skipping Token defaultPinDes On Line 7434
            Warning - 1 : Skipping Token defaultPinDes On Line 7458
            Warning - 1 : Skipping Token defaultPinDes On Line 7465
            Warning - 1 : Skipping Token defaultPinDes On Line 7472
            Warning - 1 : Skipping Token defaultPinDes On Line 7479
            Warning - 1 : Skipping Token defaultPinDes On Line 7509
            Warning - 1 : Skipping Token defaultPinDes On Line 7516
            Warning - 1 : Skipping Token defaultPinDes On Line 7523
            Warning - 1 : Skipping Token defaultPinDes On Line 7530
            Warning - 1 : Skipping Token defaultPinDes On Line 7537
            Warning - 1 : Skipping Token defaultPinDes On Line 7544
            Warning - 1 : Skipping Token defaultPinDes On Line 7580
            Warning - 1 : Skipping Token defaultPinDes On Line 7587
            Warning - 1 : Skipping Token defaultPinDes On Line 7594
            Warning - 1 : Skipping Token defaultPinDes On Line 7601
            Warning - 1 : Skipping Token defaultPinDes On Line 7608
            Warning - 1 : Skipping Token defaultPinDes On Line 7615
            Warning - 1 : Skipping Token defaultPinDes On Line 7622
            Warning - 1 : Skipping Token defaultPinDes On Line 7629
            Warning - 1 : Skipping Token defaultPinDes On Line 7672
            Warning - 1 : Skipping Token defaultPinDes On Line 7870
            Warning - 1 : Skipping Token defaultPinDes On Line 7877
            Warning - 1 : Skipping Token defaultPinDes On Line 7884
            Warning - 1 : Skipping Token defaultPinDes On Line 7891
            Warning - 1 : Skipping Token defaultPinDes On Line 7898
            Warning - 1 : Skipping Token defaultPinDes On Line 7905
            Warning - 1 : Skipping Token defaultPinDes On Line 7912
            Warning - 1 : Skipping Token defaultPinDes On Line 7919
            Warning - 1 : Skipping Token defaultPinDes On Line 7926
            Warning - 1 : Skipping Token defaultPinDes On Line 7933
            Warning - 1 : Skipping Token defaultPinDes On Line 8583
            Warning - 1 : Skipping Token defaultPinDes On Line 8590
            Warning - 1 : Skipping Token defaultPinDes On Line 8597
            Warning - 1 : Skipping Token defaultPinDes On Line 8604
            Warning - 1 : Skipping Token defaultPinDes On Line 8611
            Warning - 1 : Skipping Token defaultPinDes On Line 8618
            Warning - 1 : Skipping Token defaultPinDes On Line 8625
            Warning - 1 : Skipping Token defaultPinDes On Line 8632
            Warning - 1 : Skipping Token defaultPinDes On Line 8639
            Warning - 1 : Skipping Token defaultPinDes On Line 8646
            Warning - 1 : Skipping Token defaultPinDes On Line 8653
            Warning - 1 : Skipping Token defaultPinDes On Line 8660
            Warning - 1 : Skipping Token defaultPinDes On Line 8667
            Warning - 1 : Skipping Token defaultPinDes On Line 8674
            Warning - 1 : Skipping Token defaultPinDes On Line 9111
            Warning - 1 : Skipping Token defaultPinDes On Line 9118
            Warning - 1 : Skipping Token defaultPinDes On Line 9125
            Warning - 1 : Skipping Token defaultPinDes On Line 9132
            Warning - 1 : Skipping Token defaultPinDes On Line 9139
            Warning - 1 : Skipping Token defaultPinDes On Line 9146
            Warning - 1 : Skipping Token defaultPinDes On Line 9153
            Warning - 1 : Skipping Token defaultPinDes On Line 9160
            Warning - 1 : Skipping Token defaultPinDes On Line 9167
            Warning - 1 : Skipping Token defaultPinDes On Line 9174
            Warning - 1 : Skipping Token defaultPinDes On Line 9181
            Warning - 1 : Skipping Token defaultPinDes On Line 9188
            Warning - 1 : Skipping Token defaultPinDes On Line 9195
            Warning - 1 : Skipping Token defaultPinDes On Line 9202
            Warning - 1 : Skipping Token defaultPinDes On Line 9209
            Warning - 1 : Skipping Token defaultPinDes On Line 9216
            Warning - 1 : Skipping Token defaultPinDes On Line 9707
            Warning - 1 : Skipping Token defaultPinDes On Line 9714
            Warning - 1 : Skipping Token defaultPinDes On Line 9721
            Warning - 1 : Skipping Token defaultPinDes On Line 9728
            Warning - 1 : Skipping Token defaultPinDes On Line 9735
            Warning - 1 : Skipping Token defaultPinDes On Line 9742
            Warning - 1 : Skipping Token defaultPinDes On Line 9749
            Warning - 1 : Skipping Token defaultPinDes On Line 9756
            Warning - 1 : Skipping Token defaultPinDes On Line 9763
            Warning - 1 : Skipping Token defaultPinDes On Line 9770
            Warning - 1 : Skipping Token defaultPinDes On Line 9777
            Warning - 1 : Skipping Token defaultPinDes On Line 9784
            Warning - 1 : Skipping Token defaultPinDes On Line 9791
            Warning - 1 : Skipping Token defaultPinDes On Line 9798
            Warning - 1 : Skipping Token defaultPinDes On Line 9805
            Warning - 1 : Skipping Token defaultPinDes On Line 9812
            Warning - 1 : Skipping Token defaultPinDes On Line 9819
            Warning - 1 : Skipping Token defaultPinDes On Line 9826
            Warning - 1 : Skipping Token defaultPinDes On Line 10242
            Warning - 1 : Skipping Token defaultPinDes On Line 10249
            Warning - 1 : Skipping Token defaultPinDes On Line 10256
            Warning - 1 : Skipping Token defaultPinDes On Line 10263
            Warning - 1 : Skipping Token defaultPinDes On Line 10270
            Warning - 1 : Skipping Token defaultPinDes On Line 10277
            Warning - 1 : Skipping Token defaultPinDes On Line 10284
            Warning - 1 : Skipping Token defaultPinDes On Line 10291
            Warning - 1 : Skipping Token defaultPinDes On Line 10298
            Warning - 1 : Skipping Token defaultPinDes On Line 10305
            Warning - 1 : Skipping Token defaultPinDes On Line 10312
            Warning - 1 : Skipping Token defaultPinDes On Line 10319
            Warning - 1 : Skipping Token defaultPinDes On Line 10326
            Warning - 1 : Skipping Token defaultPinDes On Line 10333
            Warning - 1 : Skipping Token defaultPinDes On Line 10340
            Warning - 1 : Skipping Token defaultPinDes On Line 10347
            Warning - 1 : Skipping Token defaultPinDes On Line 10354
            Warning - 1 : Skipping Token defaultPinDes On Line 10361
            Warning - 1 : Skipping Token defaultPinDes On Line 10368
            Warning - 1 : Skipping Token defaultPinDes On Line 10375
            Warning - 1 : Skipping Token defaultPinDes On Line 10467
            Warning - 1 : Skipping Token defaultPinDes On Line 10474
            Warning - 1 : Skipping Token defaultPinDes On Line 10481
            Warning - 1 : Skipping Token defaultPinDes On Line 10488
            Warning - 1 : Skipping Token defaultPinDes On Line 10495
            Warning - 1 : Skipping Token defaultPinDes On Line 10502
            Warning - 1 : Skipping Token defaultPinDes On Line 10509
            Warning - 1 : Skipping Token defaultPinDes On Line 10516
            Warning - 1 : Skipping Token defaultPinDes On Line 10523
            Warning - 1 : Skipping Token defaultPinDes On Line 10530
            Warning - 1 : Skipping Token defaultPinDes On Line 10537
            Warning - 1 : Skipping Token defaultPinDes On Line 10544
            Warning - 1 : Skipping Token defaultPinDes On Line 10551
            Warning - 1 : Skipping Token defaultPinDes On Line 10558
            Warning - 1 : Skipping Token defaultPinDes On Line 10565
            Warning - 1 : Skipping Token defaultPinDes On Line 10572
            Warning - 1 : Skipping Token defaultPinDes On Line 10579
            Warning - 1 : Skipping Token defaultPinDes On Line 10586
            Warning - 1 : Skipping Token defaultPinDes On Line 10593
            Warning - 1 : Skipping Token defaultPinDes On Line 10600
            Warning - 1 : Skipping Token defaultPinDes On Line 10712
            Warning - 1 : Skipping Token defaultPinDes On Line 10719
            Warning - 1 : Skipping Token defaultPinDes On Line 10726
            Warning - 1 : Skipping Token defaultPinDes On Line 10733
            Warning - 1 : Skipping Token defaultPinDes On Line 10740
            Warning - 1 : Skipping Token defaultPinDes On Line 10747
            Warning - 1 : Skipping Token defaultPinDes On Line 10754
            Warning - 1 : Skipping Token defaultPinDes On Line 10761
            Warning - 1 : Skipping Token defaultPinDes On Line 10768
            Warning - 1 : Skipping Token defaultPinDes On Line 10775
            Warning - 1 : Skipping Token defaultPinDes On Line 10782
            Warning - 1 : Skipping Token defaultPinDes On Line 10789
            Warning - 1 : Skipping Token defaultPinDes On Line 10796
            Warning - 1 : Skipping Token defaultPinDes On Line 10803
            Warning - 1 : Skipping Token defaultPinDes On Line 10810
            Warning - 1 : Skipping Token defaultPinDes On Line 10817
            Warning - 1 : Skipping Token defaultPinDes On Line 10824
            Warning - 1 : Skipping Token defaultPinDes On Line 10831
            Warning - 1 : Skipping Token defaultPinDes On Line 10838
            Warning - 1 : Skipping Token defaultPinDes On Line 10845
            Warning - 1 : Skipping Token defaultPinDes On Line 12301
            Warning - 1 : Skipping Token defaultPinDes On Line 12308
            Warning - 1 : Skipping Token defaultPinDes On Line 12315
            Warning - 1 : Skipping Token defaultPinDes On Line 12322
            Warning - 1 : Skipping Token defaultPinDes On Line 12329
            Warning - 1 : Skipping Token defaultPinDes On Line 12336
            Warning - 1 : Skipping Token defaultPinDes On Line 12343
            Warning - 1 : Skipping Token defaultPinDes On Line 12350
            Warning - 1 : Skipping Token defaultPinDes On Line 12357
            Warning - 1 : Skipping Token defaultPinDes On Line 12364
            Warning - 1 : Skipping Token defaultPinDes On Line 12371
            Warning - 1 : Skipping Token defaultPinDes On Line 12378
            Warning - 1 : Skipping Token defaultPinDes On Line 12385
            Warning - 1 : Skipping Token defaultPinDes On Line 12392
            Warning - 1 : Skipping Token defaultPinDes On Line 12399
            Warning - 1 : Skipping Token defaultPinDes On Line 12406
            Warning - 1 : Skipping Token defaultPinDes On Line 12413
            Warning - 1 : Skipping Token defaultPinDes On Line 12420
            Warning - 1 : Skipping Token defaultPinDes On Line 12427
            Warning - 1 : Skipping Token defaultPinDes On Line 12434
            Warning - 1 : Skipping Token defaultPinDes On Line 12441
            Warning - 1 : Skipping Token defaultPinDes On Line 12448
            Warning - 1 : Skipping Token defaultPinDes On Line 12455
            Warning - 1 : Skipping Token defaultPinDes On Line 12462
            Warning - 1 : Skipping Token defaultPinDes On Line 12469
            Warning - 1 : Skipping Token defaultPinDes On Line 12476
            Warning - 1 : Skipping Token defaultPinDes On Line 13426
            Warning - 1 : Skipping Token defaultPinDes On Line 13433
            Warning - 1 : Skipping Token defaultPinDes On Line 13440
            Warning - 1 : Skipping Token defaultPinDes On Line 13447
            Warning - 1 : Skipping Token defaultPinDes On Line 13454
            Warning - 1 : Skipping Token defaultPinDes On Line 13461
            Warning - 1 : Skipping Token defaultPinDes On Line 13468
            Warning - 1 : Skipping Token defaultPinDes On Line 13475
            Warning - 1 : Skipping Token defaultPinDes On Line 13482
            Warning - 1 : Skipping Token defaultPinDes On Line 13489
            Warning - 1 : Skipping Token defaultPinDes On Line 13496
            Warning - 1 : Skipping Token defaultPinDes On Line 13503
            Warning - 1 : Skipping Token defaultPinDes On Line 13510
            Warning - 1 : Skipping Token defaultPinDes On Line 13517
            Warning - 1 : Skipping Token defaultPinDes On Line 13524
            Warning - 1 : Skipping Token defaultPinDes On Line 13531
            Warning - 1 : Skipping Token defaultPinDes On Line 13538
            Warning - 1 : Skipping Token defaultPinDes On Line 13545
            Warning - 1 : Skipping Token defaultPinDes On Line 13552
            Warning - 1 : Skipping Token defaultPinDes On Line 13559
            Warning - 1 : Skipping Token defaultPinDes On Line 13566
            Warning - 1 : Skipping Token defaultPinDes On Line 13573
            Warning - 1 : Skipping Token defaultPinDes On Line 13580
            Warning - 1 : Skipping Token defaultPinDes On Line 13587
            Warning - 1 : Skipping Token defaultPinDes On Line 13594
            Warning - 1 : Skipping Token defaultPinDes On Line 13601
            Warning - 1 : Skipping Token defaultPinDes On Line 13608
            Warning - 1 : Skipping Token defaultPinDes On Line 13615
            Warning - 1 : Skipping Token defaultPinDes On Line 13622
            Warning - 1 : Skipping Token defaultPinDes On Line 13629
            Warning - 1 : Skipping Token defaultPinDes On Line 13636
            Warning - 1 : Skipping Token defaultPinDes On Line 13643
            Warning - 1 : Skipping Token defaultPinDes On Line 14196
            Warning - 1 : Skipping Token defaultPinDes On Line 14203
            Warning - 1 : Skipping Token defaultPinDes On Line 14210
            Warning - 1 : Skipping Token defaultPinDes On Line 14217
            Warning - 1 : Skipping Token defaultPinDes On Line 14224
            Warning - 1 : Skipping Token defaultPinDes On Line 14231
            Warning - 1 : Skipping Token defaultPinDes On Line 14238
            Warning - 1 : Skipping Token defaultPinDes On Line 14245
            Warning - 1 : Skipping Token defaultPinDes On Line 14252
            Warning - 1 : Skipping Token defaultPinDes On Line 14259
            Warning - 1 : Skipping Token defaultPinDes On Line 14266
            Warning - 1 : Skipping Token defaultPinDes On Line 14273
            Warning - 1 : Skipping Token defaultPinDes On Line 14280
            Warning - 1 : Skipping Token defaultPinDes On Line 14287
            Warning - 1 : Skipping Token defaultPinDes On Line 14294
            Warning - 1 : Skipping Token defaultPinDes On Line 14301
            Warning - 1 : Skipping Token defaultPinDes On Line 14308
            Warning - 1 : Skipping Token defaultPinDes On Line 14315
            Warning - 1 : Skipping Token defaultPinDes On Line 14322
            Warning - 1 : Skipping Token defaultPinDes On Line 14329
            Warning - 1 : Skipping Token defaultPinDes On Line 14336
            Warning - 1 : Skipping Token defaultPinDes On Line 14343
            Warning - 1 : Skipping Token defaultPinDes On Line 14350
            Warning - 1 : Skipping Token defaultPinDes On Line 14357
            Warning - 1 : Skipping Token defaultPinDes On Line 14364
            Warning - 1 : Skipping Token defaultPinDes On Line 14371
            Warning - 1 : Skipping Token defaultPinDes On Line 14378
            Warning - 1 : Skipping Token defaultPinDes On Line 14385
            Warning - 1 : Skipping Token defaultPinDes On Line 14392
            Warning - 1 : Skipping Token defaultPinDes On Line 14399
            Warning - 1 : Skipping Token defaultPinDes On Line 14406
            Warning - 1 : Skipping Token defaultPinDes On Line 14413
            Warning - 1 : Skipping Token defaultPinDes On Line 14420
            Warning - 1 : Skipping Token defaultPinDes On Line 14427
            Warning - 1 : Skipping Token defaultPinDes On Line 16706
            Warning - 1 : Skipping Token defaultPinDes On Line 16713
            Warning - 1 : Skipping Token defaultPinDes On Line 16720
            Warning - 1 : Skipping Token defaultPinDes On Line 16727
            Warning - 1 : Skipping Token defaultPinDes On Line 16734
            Warning - 1 : Skipping Token defaultPinDes On Line 16741
            Warning - 1 : Skipping Token defaultPinDes On Line 16783
            Warning - 1 : Skipping Token defaultPinDes On Line 16790
            Warning - 1 : Skipping Token defaultPinDes On Line 16797
            Warning - 1 : Skipping Token defaultPinDes On Line 16804
            Warning - 1 : Skipping Token defaultPinDes On Line 16811
            Warning - 1 : Skipping Token defaultPinDes On Line 16818
            Warning - 1 : Skipping Token defaultPinDes On Line 16825
            Warning - 1 : Skipping Token defaultPinDes On Line 16832
            Warning - 1 : Skipping Token defaultPinDes On Line 16839
            Warning - 1 : Skipping Token defaultPinDes On Line 16846
            Warning - 1 : Skipping Token defaultPinDes On Line 16853
            Warning - 1 : Skipping Token defaultPinDes On Line 16860
            Warning - 1 : Skipping Token defaultPinDes On Line 16867
            Warning - 1 : Skipping Token defaultPinDes On Line 16874
            Warning - 1 : Skipping Token defaultPinDes On Line 16881
            Warning - 1 : Skipping Token defaultPinDes On Line 16888
            Warning - 1 : Skipping Token defaultPinDes On Line 16895
            Warning - 1 : Skipping Token defaultPinDes On Line 16902
            Warning - 1 : Skipping Token defaultPinDes On Line 16909
            Warning - 1 : Skipping Token defaultPinDes On Line 16916
            Warning - 1 : Skipping Token defaultPinDes On Line 16923
            Warning - 1 : Skipping Token defaultPinDes On Line 16930
            Warning - 1 : Skipping Token defaultPinDes On Line 16937
            Warning - 1 : Skipping Token defaultPinDes On Line 16944
            Warning - 1 : Skipping Token defaultPinDes On Line 16951
            Warning - 1 : Skipping Token defaultPinDes On Line 16958
            Warning - 1 : Skipping Token defaultPinDes On Line 16965
            Warning - 1 : Skipping Token defaultPinDes On Line 16972
            Warning - 1 : Skipping Token defaultPinDes On Line 16979
            Warning - 1 : Skipping Token defaultPinDes On Line 16986
            Warning - 1 : Skipping Token defaultPinDes On Line 16993
            Warning - 1 : Skipping Token defaultPinDes On Line 17000
            Warning - 1 : Skipping Token defaultPinDes On Line 17007
            Warning - 1 : Skipping Token defaultPinDes On Line 17014
            Warning - 1 : Skipping Token defaultPinDes On Line 17021
            Warning - 1 : Skipping Token defaultPinDes On Line 17028
            Warning - 1 : Skipping Token defaultPinDes On Line 17035
            Warning - 1 : Skipping Token defaultPinDes On Line 17042
            Warning - 1 : Skipping Token defaultPinDes On Line 17049
            Warning - 1 : Skipping Token defaultPinDes On Line 17056
            Warning - 1 : Skipping Token defaultPinDes On Line 17063
            Warning - 1 : Skipping Token defaultPinDes On Line 17070
            Warning - 1 : Skipping Token defaultPinDes On Line 17077
            Warning - 1 : Skipping Token defaultPinDes On Line 17084
            Warning - 1 : Skipping Token defaultPinDes On Line 17091
            Warning - 1 : Skipping Token defaultPinDes On Line 17098
            Warning - 1 : Skipping Token defaultPinDes On Line 17105
            Warning - 1 : Skipping Token defaultPinDes On Line 17112
            Warning - 1 : Skipping Token defaultPinDes On Line 17119
            Warning - 1 : Skipping Token defaultPinDes On Line 17126
            Warning - 1 : Skipping Token defaultPinDes On Line 17133
            Warning - 1 : Skipping Token defaultPinDes On Line 17140
            Warning - 1 : Skipping Token defaultPinDes On Line 17147
            Warning - 1 : Skipping Token defaultPinDes On Line 17154
            Warning - 1 : Skipping Token defaultPinDes On Line 17161
            Warning - 1 : Skipping Token defaultPinDes On Line 17168
            Warning - 1 : Skipping Token defaultPinDes On Line 17175
            Warning - 1 : Skipping Token defaultPinDes On Line 17182
            Warning - 1 : Skipping Token defaultPinDes On Line 17189
            Warning - 1 : Skipping Token defaultPinDes On Line 17196
            Warning - 1 : Skipping Token defaultPinDes On Line 17203
            Warning - 1 : Skipping Token defaultPinDes On Line 17210
            Warning - 1 : Skipping Token defaultPinDes On Line 17217
            Warning - 1 : Skipping Token defaultPinDes On Line 17224
            Warning - 1 : Skipping Token defaultPinDes On Line 17745
            Warning - 1 : Skipping Token defaultPinDes On Line 17752
            Warning - 1 : Skipping Token defaultPinDes On Line 17759
            Warning - 1 : Skipping Token defaultPinDes On Line 17766
            Warning - 1 : Skipping Token defaultPinDes On Line 17773
            Warning - 1 : Skipping Token defaultPinDes On Line 17780
            Warning - 1 : Skipping Token defaultPinDes On Line 17787
            Warning - 1 : Skipping Token defaultPinDes On Line 17794
        EndSection

        Section : Generating SCH Library - –¿«⁄≈Ã€-MM.SchLib
        EndSection
    EndSection
EndSection
